<?xml version="1.0" encoding="UTF-8"?>
<!-- Generated by org.testng.reporters.JUnitXMLReporter -->
<testsuite hostname="simuns-Air.home" ignored="0" name="personal loan" tests="12" failures="1" timestamp="16 Apr 2018 16:01:16 GMT" time="0.11" errors="0">
  <testcase name="next" time="0.008" classname="frame1.day1"/>
  <testcase name="shell" time="0.003" classname="frame1.day1"/>
  <testcase name="carloan" time="0.002" classname="frame1.day3"/>
  <testcase name="ex" time="0.002" classname="frame1.day3"/>
  <testcase name="james" time="0.0" classname="frame1.day3">
    <failure type="org.testng.TestNGException" message="
Parameter &amp;apos;URL&amp;apos; is required by @Test on method james but has not been marked @Optional or defined
in /Users/mohammadhasan/workspace/framework2/testng2.xml">
      <![CDATA[org.testng.TestNGException: 
Parameter 'URL' is required by @Test on method james but has not been marked @Optional or defined
in /Users/mohammadhasan/workspace/framework2/testng2.xml
... Removed 24 stack frames]]>
    </failure>
  </testcase> <!-- james -->
  <testcase name="life" time="0.001" classname="frame1.day3"/>
  <testcase name="houseloan" time="0.005" classname="frame1.day2"/>
  <testcase name="golden" time="0.001" classname="frame1.day4"/>
  <testcase name="palicans" time="0.002" classname="frame1.day4"/>
  <testcase name="palicans" time="0.002" classname="frame1.day4"/>
  <testcase name="palicans" time="0.003" classname="frame1.day4"/>
  <testcase name="portland" time="0.002" classname="frame1.day4"/>
</testsuite> <!-- personal loan -->
